<?xml version="1.0" encoding="UTF-8"?>
<coverage generated="1774946516667" clover="3.2.0">
  <project timestamp="1774946516667" name="All files">
    <metrics statements="90" coveredstatements="90" conditionals="80" coveredconditionals="80" methods="24" coveredmethods="24" elements="194" coveredelements="194" complexity="0" loc="90" ncloc="90" packages="1" files="2" classes="2"/>
    <file name="index.js" path="/home/runner/work/New-Project/New-Project/src/index.js">
      <metrics statements="3" coveredstatements="3" conditionals="0" coveredconditionals="0" methods="1" coveredmethods="1"/>
      <line num="2" count="1" type="stmt"/>
      <line num="5" count="1" type="stmt"/>
      <line num="6" count="2" type="stmt"/>
    </file>
    <file name="linkedin-agent.js" path="/home/runner/work/New-Project/New-Project/src/linkedin-agent.js">
      <metrics statements="87" coveredstatements="87" conditionals="80" coveredconditionals="80" methods="23" coveredmethods="23"/>
      <line num="13" count="7" type="cond" truecount="4" falsecount="0"/>
      <line num="14" count="1" type="stmt"/>
      <line num="16" count="6" type="stmt"/>
      <line num="17" count="6" type="cond" truecount="2" falsecount="0"/>
      <line num="18" count="6" type="cond" truecount="2" falsecount="0"/>
      <line num="19" count="6" type="stmt"/>
      <line num="20" count="6" type="stmt"/>
      <line num="27" count="1" type="stmt"/>
      <line num="28" count="1" type="stmt"/>
      <line num="29" count="1" type="stmt"/>
      <line num="36" count="3" type="cond" truecount="4" falsecount="0"/>
      <line num="37" count="1" type="stmt"/>
      <line num="39" count="2" type="cond" truecount="2" falsecount="0"/>
      <line num="40" count="1" type="stmt"/>
      <line num="42" count="2" type="stmt"/>
      <line num="49" count="2" type="cond" truecount="4" falsecount="0"/>
      <line num="50" count="1" type="stmt"/>
      <line num="52" count="1" type="cond" truecount="2" falsecount="0"/>
      <line num="53" count="1" type="stmt"/>
      <line num="62" count="8" type="cond" truecount="4" falsecount="0"/>
      <line num="63" count="1" type="stmt"/>
      <line num="65" count="7" type="cond" truecount="4" falsecount="0"/>
      <line num="66" count="1" type="stmt"/>
      <line num="68" count="6" type="stmt"/>
      <line num="69" count="6" type="stmt"/>
      <line num="70" count="6" type="stmt"/>
      <line num="71" count="6" type="stmt"/>
      <line num="72" count="6" type="stmt"/>
      <line num="73" count="6" type="stmt"/>
      <line num="80" count="2" type="cond" truecount="2" falsecount="0"/>
      <line num="81" count="2" type="stmt"/>
      <line num="88" count="2" type="stmt"/>
      <line num="89" count="2" type="stmt"/>
      <line num="96" count="2" type="cond" truecount="4" falsecount="0"/>
      <line num="97" count="1" type="stmt"/>
      <line num="99" count="1" type="stmt"/>
      <line num="100" count="1" type="stmt"/>
      <line num="109" count="5" type="stmt"/>
      <line num="110" count="5" type="stmt"/>
      <line num="117" count="5" type="cond" truecount="4" falsecount="0"/>
      <line num="118" count="1" type="stmt"/>
      <line num="120" count="4" type="stmt"/>
      <line num="126" count="4" type="stmt"/>
      <line num="127" count="4" type="stmt"/>
      <line num="134" count="4" type="stmt"/>
      <line num="135" count="3" type="cond" truecount="2" falsecount="0"/>
      <line num="137" count="4" type="cond" truecount="2" falsecount="0"/>
      <line num="138" count="1" type="stmt"/>
      <line num="140" count="3" type="stmt"/>
      <line num="141" count="3" type="stmt"/>
      <line num="142" count="3" type="stmt"/>
      <line num="143" count="3" type="stmt"/>
      <line num="144" count="3" type="stmt"/>
      <line num="151" count="1" type="stmt"/>
      <line num="158" count="1" type="stmt"/>
      <line num="167" count="9" type="stmt"/>
      <line num="168" count="9" type="stmt"/>
      <line num="176" count="8" type="cond" truecount="2" falsecount="0"/>
      <line num="177" count="1" type="stmt"/>
      <line num="180" count="7" type="stmt"/>
      <line num="182" count="7" type="stmt"/>
      <line num="183" count="28" type="stmt"/>
      <line num="184" count="28" type="cond" truecount="2" falsecount="0"/>
      <line num="185" count="12" type="stmt"/>
      <line num="186" count="12" type="cond" truecount="4" falsecount="0"/>
      <line num="191" count="28" type="cond" truecount="2" falsecount="0"/>
      <line num="192" count="8" type="cond" truecount="3" falsecount="0"/>
      <line num="195" count="28" type="cond" truecount="2" falsecount="0"/>
      <line num="196" count="8" type="cond" truecount="2" falsecount="0"/>
      <line num="198" count="28" type="stmt"/>
      <line num="206" count="2" type="cond" truecount="4" falsecount="0"/>
      <line num="207" count="1" type="stmt"/>
      <line num="209" count="1" type="stmt"/>
      <line num="210" count="1" type="stmt"/>
      <line num="217" count="1" type="stmt"/>
      <line num="226" count="6" type="stmt"/>
      <line num="233" count="7" type="cond" truecount="4" falsecount="0"/>
      <line num="234" count="1" type="stmt"/>
      <line num="236" count="6" type="cond" truecount="4" falsecount="0"/>
      <line num="237" count="1" type="stmt"/>
      <line num="240" count="5" type="stmt"/>
      <line num="247" count="5" type="cond" truecount="2" falsecount="0"/>
      <line num="248" count="4" type="stmt"/>
      <line num="250" count="5" type="stmt"/>
      <line num="251" count="5" type="stmt"/>
      <line num="258" count="2" type="cond" truecount="2" falsecount="0"/>
      <line num="265" count="1" type="stmt"/>
    </file>
  </project>
</coverage>
