{"/home/runner/work/New-Project/New-Project/src/index.js": {"path":"/home/runner/work/New-Project/New-Project/src/index.js","statementMap":{"0":{"start":{"line":2,"column":0},"end":{"line":2,"column":42}},"1":{"start":{"line":5,"column":21},"end":{"line":7,"column":1}},"2":{"start":{"line":6,"column":2},"end":{"line":6,"column":27}}},"fnMap":{"0":{"name":"(anonymous_0)","decl":{"start":{"line":5,"column":21},"end":{"line":5,"column":22}},"loc":{"start":{"line":5,"column":31},"end":{"line":7,"column":1}},"line":5}},"branchMap":{},"s":{"0":1,"1":1,"2":2},"f":{"0":2},"b":{},"_coverageSchema":"1a1c01bbd47fc00a2c39e90264f33305004495a9","hash":"a60a3c5d0094f64c30af060d3c48a2d376b3ce72"}
,"/home/runner/work/New-Project/New-Project/src/linkedin-agent.js": {"path":"/home/runner/work/New-Project/New-Project/src/linkedin-agent.js","statementMap":{"0":{"start":{"line":13,"column":4},"end":{"line":15,"column":5}},"1":{"start":{"line":14,"column":6},"end":{"line":14,"column":71}},"2":{"start":{"line":16,"column":4},"end":{"line":16,"column":21}},"3":{"start":{"line":17,"column":4},"end":{"line":17,"column":35}},"4":{"start":{"line":18,"column":4},"end":{"line":18,"column":33}},"5":{"start":{"line":19,"column":4},"end":{"line":19,"column":33}},"6":{"start":{"line":20,"column":4},"end":{"line":20,"column":25}},"7":{"start":{"line":27,"column":21},"end":{"line":27,"column":43}},"8":{"start":{"line":28,"column":23},"end":{"line":28,"column":41}},"9":{"start":{"line":29,"column":4},"end":{"line":29,"column":97}},"10":{"start":{"line":36,"column":4},"end":{"line":38,"column":5}},"11":{"start":{"line":37,"column":6},"end":{"line":37,"column":58}},"12":{"start":{"line":39,"column":4},"end":{"line":41,"column":5}},"13":{"start":{"line":40,"column":6},"end":{"line":40,"column":30}},"14":{"start":{"line":42,"column":4},"end":{"line":42,"column":23}},"15":{"start":{"line":49,"column":4},"end":{"line":51,"column":5}},"16":{"start":{"line":50,"column":6},"end":{"line":50,"column":67}},"17":{"start":{"line":52,"column":4},"end":{"line":52,"column":71}},"18":{"start":{"line":53,"column":4},"end":{"line":53,"column":27}},"19":{"start":{"line":62,"column":4},"end":{"line":64,"column":5}},"20":{"start":{"line":63,"column":6},"end":{"line":63,"column":71}},"21":{"start":{"line":65,"column":4},"end":{"line":67,"column":5}},"22":{"start":{"line":66,"column":6},"end":{"line":66,"column":70}},"23":{"start":{"line":68,"column":4},"end":{"line":68,"column":27}},"24":{"start":{"line":69,"column":4},"end":{"line":69,"column":25}},"25":{"start":{"line":70,"column":4},"end":{"line":70,"column":21}},"26":{"start":{"line":71,"column":4},"end":{"line":71,"column":46}},"27":{"start":{"line":72,"column":4},"end":{"line":72,"column":19}},"28":{"start":{"line":73,"column":4},"end":{"line":73,"column":23}},"29":{"start":{"line":80,"column":19},"end":{"line":80,"column":75}},"30":{"start":{"line":81,"column":4},"end":{"line":81,"column":54}},"31":{"start":{"line":88,"column":4},"end":{"line":88,"column":20}},"32":{"start":{"line":89,"column":4},"end":{"line":89,"column":22}},"33":{"start":{"line":96,"column":4},"end":{"line":98,"column":5}},"34":{"start":{"line":97,"column":6},"end":{"line":97,"column":62}},"35":{"start":{"line":99,"column":4},"end":{"line":99,"column":78}},"36":{"start":{"line":100,"column":4},"end":{"line":100,"column":25}},"37":{"start":{"line":109,"column":4},"end":{"line":109,"column":26}},"38":{"start":{"line":110,"column":4},"end":{"line":110,"column":30}},"39":{"start":{"line":117,"column":4},"end":{"line":119,"column":5}},"40":{"start":{"line":118,"column":6},"end":{"line":118,"column":70}},"41":{"start":{"line":120,"column":20},"end":{"line":125,"column":5}},"42":{"start":{"line":126,"column":4},"end":{"line":126,"column":39}},"43":{"start":{"line":127,"column":4},"end":{"line":127,"column":19}},"44":{"start":{"line":134,"column":18},"end":{"line":136,"column":5}},"45":{"start":{"line":135,"column":13},"end":{"line":135,"column":62}},"46":{"start":{"line":137,"column":4},"end":{"line":139,"column":5}},"47":{"start":{"line":138,"column":6},"end":{"line":138,"column":68}},"48":{"start":{"line":140,"column":20},"end":{"line":140,"column":47}},"49":{"start":{"line":141,"column":4},"end":{"line":141,"column":32}},"50":{"start":{"line":142,"column":4},"end":{"line":142,"column":38}},"51":{"start":{"line":143,"column":4},"end":{"line":143,"column":42}},"52":{"start":{"line":144,"column":4},"end":{"line":144,"column":19}},"53":{"start":{"line":151,"column":4},"end":{"line":151,"column":33}},"54":{"start":{"line":158,"column":4},"end":{"line":158,"column":35}},"55":{"start":{"line":167,"column":4},"end":{"line":167,"column":24}},"56":{"start":{"line":168,"column":4},"end":{"line":168,"column":28}},"57":{"start":{"line":176,"column":4},"end":{"line":178,"column":5}},"58":{"start":{"line":177,"column":6},"end":{"line":177,"column":47}},"59":{"start":{"line":180,"column":4},"end":{"line":180,"column":97}},"60":{"start":{"line":182,"column":4},"end":{"line":199,"column":7}},"61":{"start":{"line":183,"column":18},"end":{"line":183,"column":22}},"62":{"start":{"line":184,"column":6},"end":{"line":190,"column":7}},"63":{"start":{"line":185,"column":19},"end":{"line":185,"column":40}},"64":{"start":{"line":186,"column":8},"end":{"line":189,"column":10}},"65":{"start":{"line":191,"column":6},"end":{"line":194,"column":7}},"66":{"start":{"line":192,"column":8},"end":{"line":193,"column":70}},"67":{"start":{"line":195,"column":6},"end":{"line":197,"column":7}},"68":{"start":{"line":196,"column":8},"end":{"line":196,"column":47}},"69":{"start":{"line":198,"column":6},"end":{"line":198,"column":19}},"70":{"start":{"line":206,"column":4},"end":{"line":208,"column":5}},"71":{"start":{"line":207,"column":6},"end":{"line":207,"column":47}},"72":{"start":{"line":209,"column":4},"end":{"line":209,"column":71}},"73":{"start":{"line":210,"column":4},"end":{"line":210,"column":26}},"74":{"start":{"line":217,"column":4},"end":{"line":217,"column":31}},"75":{"start":{"line":226,"column":4},"end":{"line":226,"column":35}},"76":{"start":{"line":233,"column":4},"end":{"line":235,"column":5}},"77":{"start":{"line":234,"column":6},"end":{"line":234,"column":71}},"78":{"start":{"line":236,"column":4},"end":{"line":238,"column":5}},"79":{"start":{"line":237,"column":6},"end":{"line":237,"column":71}},"80":{"start":{"line":240,"column":20},"end":{"line":245,"column":5}},"81":{"start":{"line":247,"column":4},"end":{"line":249,"column":5}},"82":{"start":{"line":248,"column":6},"end":{"line":248,"column":42}},"83":{"start":{"line":250,"column":4},"end":{"line":250,"column":50}},"84":{"start":{"line":251,"column":4},"end":{"line":251,"column":19}},"85":{"start":{"line":258,"column":4},"end":{"line":258,"column":49}},"86":{"start":{"line":265,"column":4},"end":{"line":265,"column":49}}},"fnMap":{"0":{"name":"(anonymous_0)","decl":{"start":{"line":12,"column":2},"end":{"line":12,"column":3}},"loc":{"start":{"line":12,"column":73},"end":{"line":21,"column":3}},"line":12},"1":{"name":"(anonymous_1)","decl":{"start":{"line":26,"column":2},"end":{"line":26,"column":3}},"loc":{"start":{"line":26,"column":22},"end":{"line":30,"column":3}},"line":26},"2":{"name":"(anonymous_2)","decl":{"start":{"line":35,"column":2},"end":{"line":35,"column":3}},"loc":{"start":{"line":35,"column":18},"end":{"line":43,"column":3}},"line":35},"3":{"name":"(anonymous_3)","decl":{"start":{"line":48,"column":2},"end":{"line":48,"column":3}},"loc":{"start":{"line":48,"column":46},"end":{"line":54,"column":3}},"line":48},"4":{"name":"(anonymous_4)","decl":{"start":{"line":61,"column":2},"end":{"line":61,"column":3}},"loc":{"start":{"line":61,"column":46},"end":{"line":74,"column":3}},"line":61},"5":{"name":"(anonymous_5)","decl":{"start":{"line":79,"column":2},"end":{"line":79,"column":3}},"loc":{"start":{"line":79,"column":11},"end":{"line":82,"column":3}},"line":79},"6":{"name":"(anonymous_6)","decl":{"start":{"line":87,"column":2},"end":{"line":87,"column":3}},"loc":{"start":{"line":87,"column":12},"end":{"line":90,"column":3}},"line":87},"7":{"name":"(anonymous_7)","decl":{"start":{"line":95,"column":2},"end":{"line":95,"column":3}},"loc":{"start":{"line":95,"column":31},"end":{"line":101,"column":3}},"line":95},"8":{"name":"(anonymous_8)","decl":{"start":{"line":108,"column":2},"end":{"line":108,"column":3}},"loc":{"start":{"line":108,"column":16},"end":{"line":111,"column":3}},"line":108},"9":{"name":"(anonymous_9)","decl":{"start":{"line":116,"column":2},"end":{"line":116,"column":3}},"loc":{"start":{"line":116,"column":40},"end":{"line":128,"column":3}},"line":116},"10":{"name":"(anonymous_10)","decl":{"start":{"line":133,"column":2},"end":{"line":133,"column":3}},"loc":{"start":{"line":133,"column":28},"end":{"line":145,"column":3}},"line":133},"11":{"name":"(anonymous_11)","decl":{"start":{"line":135,"column":6},"end":{"line":135,"column":7}},"loc":{"start":{"line":135,"column":13},"end":{"line":135,"column":62}},"line":135},"12":{"name":"(anonymous_12)","decl":{"start":{"line":150,"column":2},"end":{"line":150,"column":3}},"loc":{"start":{"line":150,"column":19},"end":{"line":152,"column":3}},"line":150},"13":{"name":"(anonymous_13)","decl":{"start":{"line":157,"column":2},"end":{"line":157,"column":3}},"loc":{"start":{"line":157,"column":23},"end":{"line":159,"column":3}},"line":157},"14":{"name":"(anonymous_14)","decl":{"start":{"line":166,"column":2},"end":{"line":166,"column":3}},"loc":{"start":{"line":166,"column":16},"end":{"line":169,"column":3}},"line":166},"15":{"name":"(anonymous_15)","decl":{"start":{"line":175,"column":2},"end":{"line":175,"column":3}},"loc":{"start":{"line":175,"column":51},"end":{"line":200,"column":3}},"line":175},"16":{"name":"(anonymous_16)","decl":{"start":{"line":182,"column":23},"end":{"line":182,"column":24}},"loc":{"start":{"line":182,"column":32},"end":{"line":199,"column":5}},"line":182},"17":{"name":"(anonymous_17)","decl":{"start":{"line":205,"column":2},"end":{"line":205,"column":3}},"loc":{"start":{"line":205,"column":15},"end":{"line":211,"column":3}},"line":205},"18":{"name":"(anonymous_18)","decl":{"start":{"line":216,"column":2},"end":{"line":216,"column":3}},"loc":{"start":{"line":216,"column":17},"end":{"line":218,"column":3}},"line":216},"19":{"name":"(anonymous_19)","decl":{"start":{"line":225,"column":2},"end":{"line":225,"column":3}},"loc":{"start":{"line":225,"column":16},"end":{"line":227,"column":3}},"line":225},"20":{"name":"(anonymous_20)","decl":{"start":{"line":232,"column":2},"end":{"line":232,"column":3}},"loc":{"start":{"line":232,"column":29},"end":{"line":252,"column":3}},"line":232},"21":{"name":"(anonymous_21)","decl":{"start":{"line":257,"column":2},"end":{"line":257,"column":3}},"loc":{"start":{"line":257,"column":27},"end":{"line":259,"column":3}},"line":257},"22":{"name":"(anonymous_22)","decl":{"start":{"line":264,"column":2},"end":{"line":264,"column":3}},"loc":{"start":{"line":264,"column":16},"end":{"line":266,"column":3}},"line":264}},"branchMap":{"0":{"loc":{"start":{"line":12,"column":41},"end":{"line":12,"column":56}},"type":"default-arg","locations":[{"start":{"line":12,"column":54},"end":{"line":12,"column":56}}],"line":12},"1":{"loc":{"start":{"line":12,"column":58},"end":{"line":12,"column":69}},"type":"default-arg","locations":[{"start":{"line":12,"column":67},"end":{"line":12,"column":69}}],"line":12},"2":{"loc":{"start":{"line":13,"column":4},"end":{"line":15,"column":5}},"type":"if","locations":[{"start":{"line":13,"column":4},"end":{"line":15,"column":5}},{"start":{},"end":{}}],"line":13},"3":{"loc":{"start":{"line":13,"column":8},"end":{"line":13,"column":41}},"type":"binary-expr","locations":[{"start":{"line":13,"column":8},"end":{"line":13,"column":13}},{"start":{"line":13,"column":17},"end":{"line":13,"column":41}}],"line":13},"4":{"loc":{"start":{"line":17,"column":20},"end":{"line":17,"column":34}},"type":"binary-expr","locations":[{"start":{"line":17,"column":20},"end":{"line":17,"column":28}},{"start":{"line":17,"column":32},"end":{"line":17,"column":34}}],"line":17},"5":{"loc":{"start":{"line":18,"column":19},"end":{"line":18,"column":32}},"type":"binary-expr","locations":[{"start":{"line":18,"column":19},"end":{"line":18,"column":26}},{"start":{"line":18,"column":30},"end":{"line":18,"column":32}}],"line":18},"6":{"loc":{"start":{"line":36,"column":4},"end":{"line":38,"column":5}},"type":"if","locations":[{"start":{"line":36,"column":4},"end":{"line":38,"column":5}},{"start":{},"end":{}}],"line":36},"7":{"loc":{"start":{"line":36,"column":8},"end":{"line":36,"column":43}},"type":"binary-expr","locations":[{"start":{"line":36,"column":8},"end":{"line":36,"column":14}},{"start":{"line":36,"column":18},"end":{"line":36,"column":43}}],"line":36},"8":{"loc":{"start":{"line":39,"column":4},"end":{"line":41,"column":5}},"type":"if","locations":[{"start":{"line":39,"column":4},"end":{"line":41,"column":5}},{"start":{},"end":{}}],"line":39},"9":{"loc":{"start":{"line":49,"column":4},"end":{"line":51,"column":5}},"type":"if","locations":[{"start":{"line":49,"column":4},"end":{"line":51,"column":5}},{"start":{},"end":{}}],"line":49},"10":{"loc":{"start":{"line":49,"column":8},"end":{"line":49,"column":26}},"type":"binary-expr","locations":[{"start":{"line":49,"column":8},"end":{"line":49,"column":14}},{"start":{"line":49,"column":18},"end":{"line":49,"column":26}}],"line":49},"11":{"loc":{"start":{"line":52,"column":53},"end":{"line":52,"column":67}},"type":"binary-expr","locations":[{"start":{"line":52,"column":53},"end":{"line":52,"column":61}},{"start":{"line":52,"column":65},"end":{"line":52,"column":67}}],"line":52},"12":{"loc":{"start":{"line":61,"column":33},"end":{"line":61,"column":42}},"type":"default-arg","locations":[{"start":{"line":61,"column":40},"end":{"line":61,"column":42}}],"line":61},"13":{"loc":{"start":{"line":62,"column":4},"end":{"line":64,"column":5}},"type":"if","locations":[{"start":{"line":62,"column":4},"end":{"line":64,"column":5}},{"start":{},"end":{}}],"line":62},"14":{"loc":{"start":{"line":62,"column":8},"end":{"line":62,"column":47}},"type":"binary-expr","locations":[{"start":{"line":62,"column":8},"end":{"line":62,"column":16}},{"start":{"line":62,"column":20},"end":{"line":62,"column":47}}],"line":62},"15":{"loc":{"start":{"line":65,"column":4},"end":{"line":67,"column":5}},"type":"if","locations":[{"start":{"line":65,"column":4},"end":{"line":67,"column":5}},{"start":{},"end":{}}],"line":65},"16":{"loc":{"start":{"line":65,"column":8},"end":{"line":65,"column":45}},"type":"binary-expr","locations":[{"start":{"line":65,"column":8},"end":{"line":65,"column":15}},{"start":{"line":65,"column":19},"end":{"line":65,"column":45}}],"line":65},"17":{"loc":{"start":{"line":80,"column":19},"end":{"line":80,"column":75}},"type":"cond-expr","locations":[{"start":{"line":80,"column":42},"end":{"line":80,"column":70}},{"start":{"line":80,"column":73},"end":{"line":80,"column":75}}],"line":80},"18":{"loc":{"start":{"line":96,"column":4},"end":{"line":98,"column":5}},"type":"if","locations":[{"start":{"line":96,"column":4},"end":{"line":98,"column":5}},{"start":{},"end":{}}],"line":96},"19":{"loc":{"start":{"line":96,"column":8},"end":{"line":96,"column":24}},"type":"binary-expr","locations":[{"start":{"line":96,"column":8},"end":{"line":96,"column":15}},{"start":{"line":96,"column":19},"end":{"line":96,"column":24}}],"line":96},"20":{"loc":{"start":{"line":116,"column":26},"end":{"line":116,"column":38}},"type":"default-arg","locations":[{"start":{"line":116,"column":36},"end":{"line":116,"column":38}}],"line":116},"21":{"loc":{"start":{"line":117,"column":4},"end":{"line":119,"column":5}},"type":"if","locations":[{"start":{"line":117,"column":4},"end":{"line":119,"column":5}},{"start":{},"end":{}}],"line":117},"22":{"loc":{"start":{"line":117,"column":8},"end":{"line":117,"column":53}},"type":"binary-expr","locations":[{"start":{"line":117,"column":8},"end":{"line":117,"column":19}},{"start":{"line":117,"column":23},"end":{"line":117,"column":53}}],"line":117},"23":{"loc":{"start":{"line":135,"column":13},"end":{"line":135,"column":62}},"type":"binary-expr","locations":[{"start":{"line":135,"column":13},"end":{"line":135,"column":36}},{"start":{"line":135,"column":40},"end":{"line":135,"column":62}}],"line":135},"24":{"loc":{"start":{"line":137,"column":4},"end":{"line":139,"column":5}},"type":"if","locations":[{"start":{"line":137,"column":4},"end":{"line":139,"column":5}},{"start":{},"end":{}}],"line":137},"25":{"loc":{"start":{"line":175,"column":15},"end":{"line":175,"column":49}},"type":"default-arg","locations":[{"start":{"line":175,"column":47},"end":{"line":175,"column":49}}],"line":175},"26":{"loc":{"start":{"line":176,"column":4},"end":{"line":178,"column":5}},"type":"if","locations":[{"start":{"line":176,"column":4},"end":{"line":178,"column":5}},{"start":{},"end":{}}],"line":176},"27":{"loc":{"start":{"line":184,"column":6},"end":{"line":190,"column":7}},"type":"if","locations":[{"start":{"line":184,"column":6},"end":{"line":190,"column":7}},{"start":{},"end":{}}],"line":184},"28":{"loc":{"start":{"line":186,"column":16},"end":{"line":189,"column":9}},"type":"binary-expr","locations":[{"start":{"line":186,"column":16},"end":{"line":186,"column":21}},{"start":{"line":187,"column":10},"end":{"line":187,"column":46}},{"start":{"line":188,"column":11},"end":{"line":188,"column":26}},{"start":{"line":188,"column":30},"end":{"line":188,"column":72}}],"line":186},"29":{"loc":{"start":{"line":191,"column":6},"end":{"line":194,"column":7}},"type":"if","locations":[{"start":{"line":191,"column":6},"end":{"line":194,"column":7}},{"start":{},"end":{}}],"line":191},"30":{"loc":{"start":{"line":192,"column":16},"end":{"line":193,"column":69}},"type":"binary-expr","locations":[{"start":{"line":192,"column":16},"end":{"line":192,"column":21}},{"start":{"line":192,"column":25},"end":{"line":192,"column":37}},{"start":{"line":193,"column":10},"end":{"line":193,"column":69}}],"line":192},"31":{"loc":{"start":{"line":195,"column":6},"end":{"line":197,"column":7}},"type":"if","locations":[{"start":{"line":195,"column":6},"end":{"line":197,"column":7}},{"start":{},"end":{}}],"line":195},"32":{"loc":{"start":{"line":196,"column":16},"end":{"line":196,"column":46}},"type":"binary-expr","locations":[{"start":{"line":196,"column":16},"end":{"line":196,"column":21}},{"start":{"line":196,"column":25},"end":{"line":196,"column":46}}],"line":196},"33":{"loc":{"start":{"line":206,"column":4},"end":{"line":208,"column":5}},"type":"if","locations":[{"start":{"line":206,"column":4},"end":{"line":208,"column":5}},{"start":{},"end":{}}],"line":206},"34":{"loc":{"start":{"line":206,"column":8},"end":{"line":206,"column":26}},"type":"binary-expr","locations":[{"start":{"line":206,"column":8},"end":{"line":206,"column":12}},{"start":{"line":206,"column":16},"end":{"line":206,"column":26}}],"line":206},"35":{"loc":{"start":{"line":233,"column":4},"end":{"line":235,"column":5}},"type":"if","locations":[{"start":{"line":233,"column":4},"end":{"line":235,"column":5}},{"start":{},"end":{}}],"line":233},"36":{"loc":{"start":{"line":233,"column":8},"end":{"line":233,"column":47}},"type":"binary-expr","locations":[{"start":{"line":233,"column":8},"end":{"line":233,"column":16}},{"start":{"line":233,"column":20},"end":{"line":233,"column":47}}],"line":233},"37":{"loc":{"start":{"line":236,"column":4},"end":{"line":238,"column":5}},"type":"if","locations":[{"start":{"line":236,"column":4},"end":{"line":238,"column":5}},{"start":{},"end":{}}],"line":236},"38":{"loc":{"start":{"line":236,"column":8},"end":{"line":236,"column":41}},"type":"binary-expr","locations":[{"start":{"line":236,"column":8},"end":{"line":236,"column":13}},{"start":{"line":236,"column":17},"end":{"line":236,"column":41}}],"line":236},"39":{"loc":{"start":{"line":247,"column":4},"end":{"line":249,"column":5}},"type":"if","locations":[{"start":{"line":247,"column":4},"end":{"line":249,"column":5}},{"start":{},"end":{}}],"line":247},"40":{"loc":{"start":{"line":258,"column":11},"end":{"line":258,"column":48}},"type":"binary-expr","locations":[{"start":{"line":258,"column":11},"end":{"line":258,"column":42}},{"start":{"line":258,"column":46},"end":{"line":258,"column":48}}],"line":258}},"s":{"0":7,"1":1,"2":6,"3":6,"4":6,"5":6,"6":6,"7":1,"8":1,"9":1,"10":3,"11":1,"12":2,"13":1,"14":2,"15":2,"16":1,"17":1,"18":1,"19":8,"20":1,"21":7,"22":1,"23":6,"24":6,"25":6,"26":6,"27":6,"28":6,"29":2,"30":2,"31":2,"32":2,"33":2,"34":1,"35":1,"36":1,"37":5,"38":5,"39":5,"40":1,"41":4,"42":4,"43":4,"44":4,"45":3,"46":4,"47":1,"48":3,"49":3,"50":3,"51":3,"52":3,"53":1,"54":1,"55":9,"56":9,"57":8,"58":1,"59":7,"60":7,"61":28,"62":28,"63":12,"64":12,"65":28,"66":8,"67":28,"68":8,"69":28,"70":2,"71":1,"72":1,"73":1,"74":1,"75":6,"76":7,"77":1,"78":6,"79":1,"80":5,"81":5,"82":4,"83":5,"84":5,"85":2,"86":1},"f":{"0":7,"1":1,"2":3,"3":2,"4":8,"5":2,"6":2,"7":2,"8":5,"9":5,"10":4,"11":3,"12":1,"13":1,"14":9,"15":8,"16":28,"17":2,"18":1,"19":6,"20":7,"21":2,"22":1},"b":{"0":[6],"1":[6],"2":[1,6],"3":[7,6],"4":[6,4],"5":[6,6],"6":[1,2],"7":[3,2],"8":[1,1],"9":[1,1],"10":[2,1],"11":[1,1],"12":[7],"13":[1,7],"14":[8,7],"15":[1,6],"16":[7,6],"17":[1,1],"18":[1,1],"19":[2,1],"20":[4],"21":[1,4],"22":[5,4],"23":[3,3],"24":[1,3],"25":[2],"26":[1,7],"27":[12,16],"28":[12,12,8,8],"29":[8,20],"30":[8,8,8],"31":[8,20],"32":[8,5],"33":[1,1],"34":[2,2],"35":[1,6],"36":[7,6],"37":[1,5],"38":[6,5],"39":[4,1],"40":[2,1]},"_coverageSchema":"1a1c01bbd47fc00a2c39e90264f33305004495a9","hash":"eafc78eae5a81cd2bb0ff9f51a28191569647245"}
}
