TN:
SF:src/index.js
FN:5,(anonymous_0)
FNF:1
FNH:1
FNDA:2,(anonymous_0)
DA:2,1
DA:5,1
DA:6,2
LF:3
LH:3
BRF:0
BRH:0
end_of_record
TN:
SF:src/linkedin-agent.js
FN:12,(anonymous_0)
FN:26,(anonymous_1)
FN:35,(anonymous_2)
FN:48,(anonymous_3)
FN:61,(anonymous_4)
FN:79,(anonymous_5)
FN:87,(anonymous_6)
FN:95,(anonymous_7)
FN:108,(anonymous_8)
FN:116,(anonymous_9)
FN:133,(anonymous_10)
FN:135,(anonymous_11)
FN:150,(anonymous_12)
FN:157,(anonymous_13)
FN:166,(anonymous_14)
FN:175,(anonymous_15)
FN:182,(anonymous_16)
FN:205,(anonymous_17)
FN:216,(anonymous_18)
FN:225,(anonymous_19)
FN:232,(anonymous_20)
FN:257,(anonymous_21)
FN:264,(anonymous_22)
FNF:23
FNH:23
FNDA:7,(anonymous_0)
FNDA:1,(anonymous_1)
FNDA:3,(anonymous_2)
FNDA:2,(anonymous_3)
FNDA:8,(anonymous_4)
FNDA:2,(anonymous_5)
FNDA:2,(anonymous_6)
FNDA:2,(anonymous_7)
FNDA:5,(anonymous_8)
FNDA:5,(anonymous_9)
FNDA:4,(anonymous_10)
FNDA:3,(anonymous_11)
FNDA:1,(anonymous_12)
FNDA:1,(anonymous_13)
FNDA:9,(anonymous_14)
FNDA:8,(anonymous_15)
FNDA:28,(anonymous_16)
FNDA:2,(anonymous_17)
FNDA:1,(anonymous_18)
FNDA:6,(anonymous_19)
FNDA:7,(anonymous_20)
FNDA:2,(anonymous_21)
FNDA:1,(anonymous_22)
DA:13,7
DA:14,1
DA:16,6
DA:17,6
DA:18,6
DA:19,6
DA:20,6
DA:27,1
DA:28,1
DA:29,1
DA:36,3
DA:37,1
DA:39,2
DA:40,1
DA:42,2
DA:49,2
DA:50,1
DA:52,1
DA:53,1
DA:62,8
DA:63,1
DA:65,7
DA:66,1
DA:68,6
DA:69,6
DA:70,6
DA:71,6
DA:72,6
DA:73,6
DA:80,2
DA:81,2
DA:88,2
DA:89,2
DA:96,2
DA:97,1
DA:99,1
DA:100,1
DA:109,5
DA:110,5
DA:117,5
DA:118,1
DA:120,4
DA:126,4
DA:127,4
DA:134,4
DA:135,3
DA:137,4
DA:138,1
DA:140,3
DA:141,3
DA:142,3
DA:143,3
DA:144,3
DA:151,1
DA:158,1
DA:167,9
DA:168,9
DA:176,8
DA:177,1
DA:180,7
DA:182,7
DA:183,28
DA:184,28
DA:185,12
DA:186,12
DA:191,28
DA:192,8
DA:195,28
DA:196,8
DA:198,28
DA:206,2
DA:207,1
DA:209,1
DA:210,1
DA:217,1
DA:226,6
DA:233,7
DA:234,1
DA:236,6
DA:237,1
DA:240,5
DA:247,5
DA:248,4
DA:250,5
DA:251,5
DA:258,2
DA:265,1
LF:87
LH:87
BRDA:12,0,0,6
BRDA:12,1,0,6
BRDA:13,2,0,1
BRDA:13,2,1,6
BRDA:13,3,0,7
BRDA:13,3,1,6
BRDA:17,4,0,6
BRDA:17,4,1,4
BRDA:18,5,0,6
BRDA:18,5,1,6
BRDA:36,6,0,1
BRDA:36,6,1,2
BRDA:36,7,0,3
BRDA:36,7,1,2
BRDA:39,8,0,1
BRDA:39,8,1,1
BRDA:49,9,0,1
BRDA:49,9,1,1
BRDA:49,10,0,2
BRDA:49,10,1,1
BRDA:52,11,0,1
BRDA:52,11,1,1
BRDA:61,12,0,7
BRDA:62,13,0,1
BRDA:62,13,1,7
BRDA:62,14,0,8
BRDA:62,14,1,7
BRDA:65,15,0,1
BRDA:65,15,1,6
BRDA:65,16,0,7
BRDA:65,16,1,6
BRDA:80,17,0,1
BRDA:80,17,1,1
BRDA:96,18,0,1
BRDA:96,18,1,1
BRDA:96,19,0,2
BRDA:96,19,1,1
BRDA:116,20,0,4
BRDA:117,21,0,1
BRDA:117,21,1,4
BRDA:117,22,0,5
BRDA:117,22,1,4
BRDA:135,23,0,3
BRDA:135,23,1,3
BRDA:137,24,0,1
BRDA:137,24,1,3
BRDA:175,25,0,2
BRDA:176,26,0,1
BRDA:176,26,1,7
BRDA:184,27,0,12
BRDA:184,27,1,16
BRDA:186,28,0,12
BRDA:186,28,1,12
BRDA:186,28,2,8
BRDA:186,28,3,8
BRDA:191,29,0,8
BRDA:191,29,1,20
BRDA:192,30,0,8
BRDA:192,30,1,8
BRDA:192,30,2,8
BRDA:195,31,0,8
BRDA:195,31,1,20
BRDA:196,32,0,8
BRDA:196,32,1,5
BRDA:206,33,0,1
BRDA:206,33,1,1
BRDA:206,34,0,2
BRDA:206,34,1,2
BRDA:233,35,0,1
BRDA:233,35,1,6
BRDA:233,36,0,7
BRDA:233,36,1,6
BRDA:236,37,0,1
BRDA:236,37,1,5
BRDA:236,38,0,6
BRDA:236,38,1,5
BRDA:247,39,0,4
BRDA:247,39,1,1
BRDA:258,40,0,2
BRDA:258,40,1,1
BRF:80
BRH:80
end_of_record
